<?xml version="1.0" encoding="UTF-8"?>
<testng-results ignored="0" total="1" passed="1" failed="0" skipped="0">
  <reporter-output>
  </reporter-output>
  <suite started-at="2024-12-21T12:21:13 EST" name="Default suite" finished-at="2024-12-21T12:21:22 EST" duration-ms="8787">
    <groups>
    </groups>
    <test started-at="2024-12-21T12:21:13 EST" name="Default test" finished-at="2024-12-21T12:21:22 EST" duration-ms="8787">
      <class name="assignment18dec2024.MouseActions">
        <test-method is-config="true" signature="init()[pri:0, instance:assignment18dec2024.MouseActions@36902638]" started-at="2024-12-21T12:21:13 EST" name="init" finished-at="2024-12-21T12:21:19 EST" duration-ms="5642" status="PASS">
          <reporter-output>
          </reporter-output>
        </test-method> <!-- init -->
        <test-method signature="rightClick()[pri:0, instance:assignment18dec2024.MouseActions@36902638]" started-at="2024-12-21T12:21:19 EST" name="rightClick" finished-at="2024-12-21T12:21:21 EST" duration-ms="2210" status="PASS">
          <reporter-output>
          </reporter-output>
        </test-method> <!-- rightClick -->
        <test-method is-config="true" signature="tearDown()[pri:0, instance:assignment18dec2024.MouseActions@36902638]" started-at="2024-12-21T12:21:21 EST" name="tearDown" finished-at="2024-12-21T12:21:22 EST" duration-ms="844" status="PASS">
          <reporter-output>
          </reporter-output>
        </test-method> <!-- tearDown -->
      </class> <!-- assignment18dec2024.MouseActions -->
    </test> <!-- Default test -->
  </suite> <!-- Default suite -->
</testng-results>
